# JRE version: OpenJDK Runtime Environment (11.0.15) (build 11.0.15+0-b2043.56-9505619)
# Java VM: OpenJDK 64-Bit Server VM (11.0.15+0-b2043.56-9505619, mixed mode, tiered, compressed oops, g1 gc, windows-amd64)
Heap:
 garbage-first heap   total 248832K, used 201032K [0x0000000080000000, 0x0000000100000000)
  region size 1024K, 30 young (30720K), 1 survivors (1024K)
 Metaspace       used 93423K, capacity 95959K, committed 96256K, reserved 1132544K
  class space    used 11893K, capacity 12752K, committed 12800K, reserved 1048576K
GC Heap History (20 events):
Event: 40.408 GC heap before
{Heap before GC invocations=57 (full 0):
 garbage-first heap   total 206848K, used 177922K [0x0000000080000000, 0x0000000100000000)
  region size 1024K, 19 young (19456K), 3 survivors (3072K)
 Metaspace       used 82195K, capacity 84302K, committed 84608K, reserved 1122304K
  class space    used 10489K, capacity 11298K, committed 11392K, reserved 1048576K
}
Event: 40.421 GC heap after
{Heap after GC invocations=58 (full 0):
 garbage-first heap   total 206848K, used 162607K [0x0000000080000000, 0x0000000100000000)
  region size 1024K, 3 young (3072K), 3 survivors (3072K)
 Metaspace       used 82195K, capacity 84302K, committed 84608K, reserved 1122304K
  class space    used 10489K, capacity 11298K, committed 11392K, reserved 1048576K
}
Event: 40.826 GC heap before
{Heap before GC invocations=58 (full 0):
 garbage-first heap   total 206848K, used 178991K [0x0000000080000000, 0x0000000100000000)
  region size 1024K, 19 young (19456K), 3 survivors (3072K)
 Metaspace       used 82817K, capacity 84949K, committed 85120K, reserved 1122304K
  class space    used 10578K, capacity 11364K, committed 11392K, reserved 1048576K
}
Event: 40.845 GC heap after
{Heap after GC invocations=59 (full 0):
 garbage-first heap   total 206848K, used 162572K [0x0000000080000000, 0x0000000100000000)
  region size 1024K, 2 young (2048K), 2 survivors (2048K)
 Metaspace       used 82817K, capacity 84949K, committed 85120K, reserved 1122304K
  class space    used 10578K, capacity 11364K, committed 11392K, reserved 1048576K
}
Event: 40.961 GC heap before
{Heap before GC invocations=60 (full 0):
 garbage-first heap   total 206848K, used 176908K [0x0000000080000000, 0x0000000100000000)
  region size 1024K, 18 young (18432K), 2 survivors (2048K)
 Metaspace       used 83524K, capacity 85653K, committed 85760K, reserved 1124352K
  class space    used 10636K, capacity 11428K, committed 11520K, reserved 1048576K
}
Event: 40.967 GC heap after
{Heap after GC invocations=61 (full 0):
 garbage-first heap   total 206848K, used 163090K [0x0000000080000000, 0x0000000100000000)
  region size 1024K, 2 young (2048K), 2 survivors (2048K)
 Metaspace       used 83524K, capacity 85653K, committed 85760K, reserved 1124352K
  class space    used 10636K, capacity 11428K, committed 11520K, reserved 1048576K
}
Event: 41.096 GC heap before
{Heap before GC invocations=61 (full 0):
 garbage-first heap   total 206848K, used 181522K [0x0000000080000000, 0x0000000100000000)
  region size 1024K, 19 young (19456K), 2 survivors (2048K)
 Metaspace       used 84871K, capacity 87029K, committed 87168K, reserved 1124352K
  class space    used 10736K, capacity 11524K, committed 11648K, reserved 1048576K
}
Event: 41.102 GC heap after
{Heap after GC invocations=62 (full 0):
 garbage-first heap   total 248832K, used 162761K [0x0000000080000000, 0x0000000100000000)
  region size 1024K, 2 young (2048K), 2 survivors (2048K)
 Metaspace       used 84871K, capacity 87029K, committed 87168K, reserved 1124352K
  class space    used 10736K, capacity 11524K, committed 11648K, reserved 1048576K
}
Event: 43.341 GC heap before
{Heap before GC invocations=63 (full 0):
 garbage-first heap   total 248832K, used 205769K [0x0000000080000000, 0x0000000100000000)
  region size 1024K, 44 young (45056K), 2 survivors (2048K)
 Metaspace       used 90506K, capacity 92855K, committed 93056K, reserved 1130496K
  class space    used 11492K, capacity 12300K, committed 12416K, reserved 1048576K
}
Event: 43.354 GC heap after
{Heap after GC invocations=64 (full 0):
 garbage-first heap   total 248832K, used 164686K [0x0000000080000000, 0x0000000100000000)
  region size 1024K, 4 young (4096K), 4 survivors (4096K)
 Metaspace       used 90506K, capacity 92855K, committed 93056K, reserved 1130496K
  class space    used 11492K, capacity 12300K, committed 12416K, reserved 1048576K
}
Event: 44.798 GC heap before
{Heap before GC invocations=64 (full 0):
 garbage-first heap   total 248832K, used 196430K [0x0000000080000000, 0x0000000100000000)
  region size 1024K, 36 young (36864K), 4 survivors (4096K)
 Metaspace       used 92987K, capacity 95510K, committed 95744K, reserved 1132544K
  class space    used 11872K, capacity 12752K, committed 12800K, reserved 1048576K
}
Event: 44.816 GC heap after
{Heap after GC invocations=65 (full 0):
 garbage-first heap   total 248832K, used 166798K [0x0000000080000000, 0x0000000100000000)
  region size 1024K, 5 young (5120K), 5 survivors (5120K)
 Metaspace       used 92987K, capacity 95510K, committed 95744K, reserved 1132544K
  class space    used 11872K, capacity 12752K, committed 12800K, reserved 1048576K
}
Event: 46.352 GC heap before
{Heap before GC invocations=66 (full 0):
 garbage-first heap   total 248832K, used 211854K [0x0000000080000000, 0x0000000100000000)
  region size 1024K, 47 young (48128K), 5 survivors (5120K)
 Metaspace       used 93413K, capacity 95958K, committed 96256K, reserved 1132544K
  class space    used 11893K, capacity 12752K, committed 12800K, reserved 1048576K
}
Event: 46.372 GC heap after
{Heap after GC invocations=67 (full 0):
 garbage-first heap   total 248832K, used 171766K [0x0000000080000000, 0x0000000100000000)
  region size 1024K, 5 young (5120K), 5 survivors (5120K)
 Metaspace       used 93413K, capacity 95958K, committed 96256K, reserved 1132544K
  class space    used 11893K, capacity 12752K, committed 12800K, reserved 1048576K
}
Event: 47.071 GC heap before
{Heap before GC invocations=67 (full 0):
 garbage-first heap   total 248832K, used 211702K [0x0000000080000000, 0x0000000100000000)
  region size 1024K, 44 young (45056K), 5 survivors (5120K)
 Metaspace       used 93415K, capacity 95958K, committed 96256K, reserved 1132544K
  class space    used 11893K, capacity 12752K, committed 12800K, reserved 1048576K
}
Event: 47.084 GC heap after
{Heap after GC invocations=68 (full 0):
 garbage-first heap   total 248832K, used 172265K [0x0000000080000000, 0x0000000100000000)
  region size 1024K, 4 young (4096K), 4 survivors (4096K)
 Metaspace       used 93415K, capacity 95958K, committed 96256K, reserved 1132544K
  class space    used 11893K, capacity 12752K, committed 12800K, reserved 1048576K
}
Event: 48.130 GC heap before
{Heap before GC invocations=69 (full 0):
 garbage-first heap   total 248832K, used 213225K [0x0000000080000000, 0x0000000100000000)
  region size 1024K, 44 young (45056K), 4 survivors (4096K)
 Metaspace       used 93417K, capacity 95958K, committed 96256K, reserved 1132544K
  class space    used 11893K, capacity 12752K, committed 12800K, reserved 1048576K
}
Event: 48.137 GC heap after
{Heap after GC invocations=70 (full 0):
 garbage-first heap   total 248832K, used 172162K [0x0000000080000000, 0x0000000100000000)
  region size 1024K, 4 young (4096K), 4 survivors (4096K)
 Metaspace       used 93417K, capacity 95958K, committed 96256K, reserved 1132544K
  class space    used 11893K, capacity 12752K, committed 12800K, reserved 1048576K
}
Event: 48.726 GC heap before
{Heap before GC invocations=70 (full 0):
 garbage-first heap   total 248832K, used 213122K [0x0000000080000000, 0x0000000100000000)
  region size 1024K, 44 young (45056K), 4 survivors (4096K)
 Metaspace       used 93420K, capacity 95958K, committed 96256K, reserved 1132544K
  class space    used 11893K, capacity 12752K, committed 12800K, reserved 1048576K
}
Event: 48.731 GC heap after
{Heap after GC invocations=71 (full 0):
 garbage-first heap   total 248832K, used 172360K [0x0000000080000000, 0x0000000100000000)
  region size 1024K, 1 young (1024K), 1 survivors (1024K)
 Metaspace       used 93420K, capacity 95958K, committed 96256K, reserved 1132544K
  class space    used 11893K, capacity 12752K, committed 12800K, reserved 1048576K
}

